2019/09/27 18:00:13 [trace] [system.CModule] Loading "log" application component
in D:\xampp\htdocs\stf\index.php (21)
2019/09/27 18:00:13 [trace] [system.CModule] Loading "request" application component
in D:\xampp\htdocs\stf\index.php (21)
2019/09/27 18:00:13 [trace] [system.CModule] Loading "urlManager" application component
in D:\xampp\htdocs\stf\index.php (21)
2019/09/27 18:00:13 [trace] [system.CModule] Loading "cache" application component
in D:\xampp\htdocs\stf\index.php (21)
2019/09/27 18:00:13 [trace] [system.caching.CFileCache] Saving "Yii.CUrlManager.rules" to cache
in D:\xampp\htdocs\stf\index.php (21)
2019/09/27 18:00:13 [trace] [system.db.ar.CActiveRecord] Language.find()
in D:\xampp\htdocs\stf\protected\components\Controller.php (41)
in D:\xampp\htdocs\stf\index.php (21)
2019/09/27 18:00:13 [trace] [system.CModule] Loading "db" application component
in D:\xampp\htdocs\stf\protected\components\Controller.php (41)
in D:\xampp\htdocs\stf\index.php (21)
2019/09/27 18:00:13 [trace] [system.db.CDbConnection] Opening DB connection
in D:\xampp\htdocs\stf\protected\components\Controller.php (41)
in D:\xampp\htdocs\stf\index.php (21)
2019/09/27 18:00:13 [trace] [system.db.CDbCommand] Querying SQL: SHOW FULL COLUMNS FROM `language`
in D:\xampp\htdocs\stf\protected\components\Controller.php (41)
in D:\xampp\htdocs\stf\index.php (21)
2019/09/27 18:00:13 [trace] [system.db.CDbCommand] Querying SQL: SHOW CREATE TABLE `language`
in D:\xampp\htdocs\stf\protected\components\Controller.php (41)
in D:\xampp\htdocs\stf\index.php (21)
2019/09/27 18:00:13 [trace] [system.db.CDbCommand] Querying SQL: SELECT * FROM `language` `t` WHERE code = :code LIMIT 1
in D:\xampp\htdocs\stf\protected\components\Controller.php (41)
in D:\xampp\htdocs\stf\index.php (21)
2019/09/27 18:00:13 [trace] [system.db.ar.CActiveRecord] Setting.findAll()
in D:\xampp\htdocs\stf\protected\models\Setting.php (93)
in D:\xampp\htdocs\stf\protected\components\Controller.php (48)
in D:\xampp\htdocs\stf\index.php (21)
2019/09/27 18:00:13 [trace] [system.db.CDbCommand] Querying SQL: SHOW FULL COLUMNS FROM `setting`
in D:\xampp\htdocs\stf\protected\models\Setting.php (93)
in D:\xampp\htdocs\stf\protected\components\Controller.php (48)
in D:\xampp\htdocs\stf\index.php (21)
2019/09/27 18:00:13 [trace] [system.db.CDbCommand] Querying SQL: SHOW CREATE TABLE `setting`
in D:\xampp\htdocs\stf\protected\models\Setting.php (93)
in D:\xampp\htdocs\stf\protected\components\Controller.php (48)
in D:\xampp\htdocs\stf\index.php (21)
2019/09/27 18:00:13 [trace] [system.db.CDbCommand] Querying SQL: SELECT * FROM `setting` `t`
in D:\xampp\htdocs\stf\protected\models\Setting.php (93)
in D:\xampp\htdocs\stf\protected\components\Controller.php (48)
in D:\xampp\htdocs\stf\index.php (21)
2019/09/27 18:00:13 [trace] [system.db.ar.CActiveRecord] Setting.find()
in D:\xampp\htdocs\stf\protected\models\SettingDescription.php (96)
in D:\xampp\htdocs\stf\protected\models\Setting.php (97)
in D:\xampp\htdocs\stf\protected\components\Controller.php (48)
2019/09/27 18:00:13 [trace] [system.db.CDbCommand] Querying SQL: SELECT * FROM `setting` `t` WHERE name = :name LIMIT 1
in D:\xampp\htdocs\stf\protected\models\SettingDescription.php (96)
in D:\xampp\htdocs\stf\protected\models\Setting.php (97)
in D:\xampp\htdocs\stf\protected\components\Controller.php (48)
2019/09/27 18:00:13 [trace] [system.db.ar.CActiveRecord] Language.find()
in D:\xampp\htdocs\stf\protected\models\SettingDescription.php (97)
in D:\xampp\htdocs\stf\protected\models\Setting.php (97)
in D:\xampp\htdocs\stf\protected\components\Controller.php (48)
2019/09/27 18:00:13 [trace] [system.db.CDbCommand] Querying SQL: SELECT * FROM `language` `t` WHERE code = :code LIMIT 1
in D:\xampp\htdocs\stf\protected\models\SettingDescription.php (97)
in D:\xampp\htdocs\stf\protected\models\Setting.php (97)
in D:\xampp\htdocs\stf\protected\components\Controller.php (48)
2019/09/27 18:00:13 [trace] [system.db.ar.CActiveRecord] SettingDescription.find()
in D:\xampp\htdocs\stf\protected\models\SettingDescription.php (98)
in D:\xampp\htdocs\stf\protected\models\Setting.php (97)
in D:\xampp\htdocs\stf\protected\components\Controller.php (48)
2019/09/27 18:00:13 [trace] [system.db.CDbCommand] Querying SQL: SHOW FULL COLUMNS FROM `setting_description`
in D:\xampp\htdocs\stf\protected\models\SettingDescription.php (98)
in D:\xampp\htdocs\stf\protected\models\Setting.php (97)
in D:\xampp\htdocs\stf\protected\components\Controller.php (48)
2019/09/27 18:00:13 [trace] [system.db.CDbCommand] Querying SQL: SHOW CREATE TABLE `setting_description`
in D:\xampp\htdocs\stf\protected\models\SettingDescription.php (98)
in D:\xampp\htdocs\stf\protected\models\Setting.php (97)
in D:\xampp\htdocs\stf\protected\components\Controller.php (48)
2019/09/27 18:00:13 [trace] [system.db.CDbCommand] Querying SQL: SELECT * FROM `setting_description` `t` WHERE setting_id = :setting_id AND language_id = :language_id LIMIT 1
in D:\xampp\htdocs\stf\protected\models\SettingDescription.php (98)
in D:\xampp\htdocs\stf\protected\models\Setting.php (97)
in D:\xampp\htdocs\stf\protected\components\Controller.php (48)
2019/09/27 18:00:13 [trace] [system.db.ar.CActiveRecord] Setting.find()
in D:\xampp\htdocs\stf\protected\models\SettingDescription.php (96)
in D:\xampp\htdocs\stf\protected\models\Setting.php (97)
in D:\xampp\htdocs\stf\protected\components\Controller.php (48)
2019/09/27 18:00:13 [trace] [system.db.CDbCommand] Querying SQL: SELECT * FROM `setting` `t` WHERE name = :name LIMIT 1
in D:\xampp\htdocs\stf\protected\models\SettingDescription.php (96)
in D:\xampp\htdocs\stf\protected\models\Setting.php (97)
in D:\xampp\htdocs\stf\protected\components\Controller.php (48)
2019/09/27 18:00:13 [trace] [system.db.ar.CActiveRecord] Language.find()
in D:\xampp\htdocs\stf\protected\models\SettingDescription.php (97)
in D:\xampp\htdocs\stf\protected\models\Setting.php (97)
in D:\xampp\htdocs\stf\protected\components\Controller.php (48)
2019/09/27 18:00:13 [trace] [system.db.CDbCommand] Querying SQL: SELECT * FROM `language` `t` WHERE code = :code LIMIT 1
in D:\xampp\htdocs\stf\protected\models\SettingDescription.php (97)
in D:\xampp\htdocs\stf\protected\models\Setting.php (97)
in D:\xampp\htdocs\stf\protected\components\Controller.php (48)
2019/09/27 18:00:13 [trace] [system.db.ar.CActiveRecord] SettingDescription.find()
in D:\xampp\htdocs\stf\protected\models\SettingDescription.php (98)
in D:\xampp\htdocs\stf\protected\models\Setting.php (97)
in D:\xampp\htdocs\stf\protected\components\Controller.php (48)
2019/09/27 18:00:13 [trace] [system.db.CDbCommand] Querying SQL: SELECT * FROM `setting_description` `t` WHERE setting_id = :setting_id AND language_id = :language_id LIMIT 1
in D:\xampp\htdocs\stf\protected\models\SettingDescription.php (98)
in D:\xampp\htdocs\stf\protected\models\Setting.php (97)
in D:\xampp\htdocs\stf\protected\components\Controller.php (48)
2019/09/27 18:00:13 [trace] [system.db.ar.CActiveRecord] Setting.find()
in D:\xampp\htdocs\stf\protected\models\SettingDescription.php (96)
in D:\xampp\htdocs\stf\protected\models\Setting.php (97)
in D:\xampp\htdocs\stf\protected\components\Controller.php (48)
2019/09/27 18:00:13 [trace] [system.db.CDbCommand] Querying SQL: SELECT * FROM `setting` `t` WHERE name = :name LIMIT 1
in D:\xampp\htdocs\stf\protected\models\SettingDescription.php (96)
in D:\xampp\htdocs\stf\protected\models\Setting.php (97)
in D:\xampp\htdocs\stf\protected\components\Controller.php (48)
2019/09/27 18:00:13 [trace] [system.db.ar.CActiveRecord] Language.find()
in D:\xampp\htdocs\stf\protected\models\SettingDescription.php (97)
in D:\xampp\htdocs\stf\protected\models\Setting.php (97)
in D:\xampp\htdocs\stf\protected\components\Controller.php (48)
2019/09/27 18:00:13 [trace] [system.db.CDbCommand] Querying SQL: SELECT * FROM `language` `t` WHERE code = :code LIMIT 1
in D:\xampp\htdocs\stf\protected\models\SettingDescription.php (97)
in D:\xampp\htdocs\stf\protected\models\Setting.php (97)
in D:\xampp\htdocs\stf\protected\components\Controller.php (48)
2019/09/27 18:00:13 [trace] [system.db.ar.CActiveRecord] SettingDescription.find()
in D:\xampp\htdocs\stf\protected\models\SettingDescription.php (98)
in D:\xampp\htdocs\stf\protected\models\Setting.php (97)
in D:\xampp\htdocs\stf\protected\components\Controller.php (48)
2019/09/27 18:00:13 [trace] [system.db.CDbCommand] Querying SQL: SELECT * FROM `setting_description` `t` WHERE setting_id = :setting_id AND language_id = :language_id LIMIT 1
in D:\xampp\htdocs\stf\protected\models\SettingDescription.php (98)
in D:\xampp\htdocs\stf\protected\models\Setting.php (97)
in D:\xampp\htdocs\stf\protected\components\Controller.php (48)
2019/09/27 18:00:13 [trace] [system.caching.CFileCache] Saving "setting_en" to cache
in D:\xampp\htdocs\stf\protected\components\Controller.php (49)
in D:\xampp\htdocs\stf\index.php (21)
2019/09/27 18:00:13 [trace] [system.CModule] Loading "themeManager" application component
in D:\xampp\htdocs\stf\protected\controllers\HomeController.php (154)
in D:\xampp\htdocs\stf\index.php (21)
2019/09/27 18:00:13 [trace] [system.CModule] Loading "widgetFactory" application component
in D:\xampp\htdocs\stf\protected\views\layouts\column1.php (2)
in D:\xampp\htdocs\stf\protected\controllers\HomeController.php (154)
in D:\xampp\htdocs\stf\index.php (21)
2019/09/27 18:00:13 [trace] [system.db.ar.CActiveRecord] Slide.findAll()
in D:\xampp\htdocs\stf\protected\views\layouts\column1.php (15)
in D:\xampp\htdocs\stf\protected\controllers\HomeController.php (154)
in D:\xampp\htdocs\stf\index.php (21)
2019/09/27 18:00:13 [trace] [system.db.CDbCommand] Querying SQL: SHOW FULL COLUMNS FROM `sl_slide`
in D:\xampp\htdocs\stf\protected\views\layouts\column1.php (15)
in D:\xampp\htdocs\stf\protected\controllers\HomeController.php (154)
in D:\xampp\htdocs\stf\index.php (21)
2019/09/27 18:00:13 [trace] [system.db.CDbCommand] Querying SQL: SHOW CREATE TABLE `sl_slide`
in D:\xampp\htdocs\stf\protected\views\layouts\column1.php (15)
in D:\xampp\htdocs\stf\protected\controllers\HomeController.php (154)
in D:\xampp\htdocs\stf\index.php (21)
2019/09/27 18:00:13 [trace] [system.db.CDbCommand] Querying SQL: SHOW FULL COLUMNS FROM `sl_slide_description`
in D:\xampp\htdocs\stf\protected\views\layouts\column1.php (15)
in D:\xampp\htdocs\stf\protected\controllers\HomeController.php (154)
in D:\xampp\htdocs\stf\index.php (21)
2019/09/27 18:00:13 [trace] [system.db.CDbCommand] Querying SQL: SHOW CREATE TABLE `sl_slide_description`
in D:\xampp\htdocs\stf\protected\views\layouts\column1.php (15)
in D:\xampp\htdocs\stf\protected\controllers\HomeController.php (154)
in D:\xampp\htdocs\stf\index.php (21)
2019/09/27 18:00:13 [trace] [system.db.CDbCommand] Querying SQL: SELECT `t`.`id` AS `t0_c0`, `t`.`topik_id` AS `t0_c1`, `t`.`image` AS `t0_c2`, `t`.`url` AS `t0_c3`, `t`.`active` AS `t0_c4`, `t`.`date_input` AS `t0_c5`, `t`.`date_update` AS `t0_c6`, `t`.`insert_by` AS `t0_c7`, `t`.`last_update_by` AS `t0_c8`, `t`.`writer` AS `t0_c9`, `t`.`sort` AS `t0_c10`, `description`.`id` AS `t1_c0`, `description`.`slide_id` AS `t1_c1`, `description`.`language_id` AS `t1_c2`, `description`.`title` AS `t1_c3`, `description`.`subtitle` AS `t1_c4`, `description`.`content` AS `t1_c5`, `description`.`periode` AS `t1_c6`, `description`.`url_teks` AS `t1_c7`, `description`.`url` AS `t1_c8` FROM `sl_slide` `t`  LEFT OUTER JOIN `sl_slide_description` `description` ON (`description`.`slide_id`=`t`.`id`)  WHERE ((description.language_id = :language_id) AND (active = 1)) GROUP BY t.id ORDER BY t.id ASC
in D:\xampp\htdocs\stf\protected\views\layouts\column1.php (15)
in D:\xampp\htdocs\stf\protected\controllers\HomeController.php (154)
in D:\xampp\htdocs\stf\index.php (21)
2019/09/27 18:00:13 [trace] [system.CModule] Loading "clientScript" application component
in D:\xampp\htdocs\stf\protected\views\layouts\main.php (36)
in D:\xampp\htdocs\stf\protected\views\layouts\column1.php (111)
in D:\xampp\htdocs\stf\protected\controllers\HomeController.php (154)
2019/09/27 18:00:13 [trace] [system.CModule] Loading "assetManager" application component
in D:\xampp\htdocs\stf\protected\controllers\HomeController.php (154)
in D:\xampp\htdocs\stf\index.php (21)
2019/09/27 18:00:23 [trace] [system.CModule] Loading "log" application component
in D:\xampp\htdocs\stf\index.php (21)
2019/09/27 18:00:23 [trace] [system.CModule] Loading "request" application component
in D:\xampp\htdocs\stf\index.php (21)
2019/09/27 18:00:23 [trace] [system.CModule] Loading "urlManager" application component
in D:\xampp\htdocs\stf\index.php (21)
2019/09/27 18:00:23 [trace] [system.CModule] Loading "cache" application component
in D:\xampp\htdocs\stf\index.php (21)
2019/09/27 18:00:23 [trace] [system.caching.CFileCache] Saving "Yii.CUrlManager.rules" to cache
in D:\xampp\htdocs\stf\index.php (21)
2019/09/27 18:00:23 [trace] [system.db.ar.CActiveRecord] Language.find()
in D:\xampp\htdocs\stf\protected\components\Controller.php (41)
in D:\xampp\htdocs\stf\index.php (21)
2019/09/27 18:00:23 [trace] [system.CModule] Loading "db" application component
in D:\xampp\htdocs\stf\protected\components\Controller.php (41)
in D:\xampp\htdocs\stf\index.php (21)
2019/09/27 18:00:23 [trace] [system.db.CDbConnection] Opening DB connection
in D:\xampp\htdocs\stf\protected\components\Controller.php (41)
in D:\xampp\htdocs\stf\index.php (21)
2019/09/27 18:00:23 [trace] [system.db.CDbCommand] Querying SQL: SHOW FULL COLUMNS FROM `language`
in D:\xampp\htdocs\stf\protected\components\Controller.php (41)
in D:\xampp\htdocs\stf\index.php (21)
2019/09/27 18:00:23 [trace] [system.db.CDbCommand] Querying SQL: SHOW CREATE TABLE `language`
in D:\xampp\htdocs\stf\protected\components\Controller.php (41)
in D:\xampp\htdocs\stf\index.php (21)
2019/09/27 18:00:23 [trace] [system.db.CDbCommand] Querying SQL: SELECT * FROM `language` `t` WHERE code = :code LIMIT 1
in D:\xampp\htdocs\stf\protected\components\Controller.php (41)
in D:\xampp\htdocs\stf\index.php (21)
2019/09/27 18:00:23 [trace] [system.db.ar.CActiveRecord] Setting.findAll()
in D:\xampp\htdocs\stf\protected\models\Setting.php (93)
in D:\xampp\htdocs\stf\protected\components\Controller.php (48)
in D:\xampp\htdocs\stf\index.php (21)
2019/09/27 18:00:23 [trace] [system.db.CDbCommand] Querying SQL: SHOW FULL COLUMNS FROM `setting`
in D:\xampp\htdocs\stf\protected\models\Setting.php (93)
in D:\xampp\htdocs\stf\protected\components\Controller.php (48)
in D:\xampp\htdocs\stf\index.php (21)
2019/09/27 18:00:23 [trace] [system.db.CDbCommand] Querying SQL: SHOW CREATE TABLE `setting`
in D:\xampp\htdocs\stf\protected\models\Setting.php (93)
in D:\xampp\htdocs\stf\protected\components\Controller.php (48)
in D:\xampp\htdocs\stf\index.php (21)
2019/09/27 18:00:23 [trace] [system.db.CDbCommand] Querying SQL: SELECT * FROM `setting` `t`
in D:\xampp\htdocs\stf\protected\models\Setting.php (93)
in D:\xampp\htdocs\stf\protected\components\Controller.php (48)
in D:\xampp\htdocs\stf\index.php (21)
2019/09/27 18:00:23 [trace] [system.db.ar.CActiveRecord] Setting.find()
in D:\xampp\htdocs\stf\protected\models\SettingDescription.php (96)
in D:\xampp\htdocs\stf\protected\models\Setting.php (97)
in D:\xampp\htdocs\stf\protected\components\Controller.php (48)
2019/09/27 18:00:23 [trace] [system.db.CDbCommand] Querying SQL: SELECT * FROM `setting` `t` WHERE name = :name LIMIT 1
in D:\xampp\htdocs\stf\protected\models\SettingDescription.php (96)
in D:\xampp\htdocs\stf\protected\models\Setting.php (97)
in D:\xampp\htdocs\stf\protected\components\Controller.php (48)
2019/09/27 18:00:23 [trace] [system.db.ar.CActiveRecord] Language.find()
in D:\xampp\htdocs\stf\protected\models\SettingDescription.php (97)
in D:\xampp\htdocs\stf\protected\models\Setting.php (97)
in D:\xampp\htdocs\stf\protected\components\Controller.php (48)
2019/09/27 18:00:23 [trace] [system.db.CDbCommand] Querying SQL: SELECT * FROM `language` `t` WHERE code = :code LIMIT 1
in D:\xampp\htdocs\stf\protected\models\SettingDescription.php (97)
in D:\xampp\htdocs\stf\protected\models\Setting.php (97)
in D:\xampp\htdocs\stf\protected\components\Controller.php (48)
2019/09/27 18:00:23 [trace] [system.db.ar.CActiveRecord] SettingDescription.find()
in D:\xampp\htdocs\stf\protected\models\SettingDescription.php (98)
in D:\xampp\htdocs\stf\protected\models\Setting.php (97)
in D:\xampp\htdocs\stf\protected\components\Controller.php (48)
2019/09/27 18:00:23 [trace] [system.db.CDbCommand] Querying SQL: SHOW FULL COLUMNS FROM `setting_description`
in D:\xampp\htdocs\stf\protected\models\SettingDescription.php (98)
in D:\xampp\htdocs\stf\protected\models\Setting.php (97)
in D:\xampp\htdocs\stf\protected\components\Controller.php (48)
2019/09/27 18:00:23 [trace] [system.db.CDbCommand] Querying SQL: SHOW CREATE TABLE `setting_description`
in D:\xampp\htdocs\stf\protected\models\SettingDescription.php (98)
in D:\xampp\htdocs\stf\protected\models\Setting.php (97)
in D:\xampp\htdocs\stf\protected\components\Controller.php (48)
2019/09/27 18:00:23 [trace] [system.db.CDbCommand] Querying SQL: SELECT * FROM `setting_description` `t` WHERE setting_id = :setting_id AND language_id = :language_id LIMIT 1
in D:\xampp\htdocs\stf\protected\models\SettingDescription.php (98)
in D:\xampp\htdocs\stf\protected\models\Setting.php (97)
in D:\xampp\htdocs\stf\protected\components\Controller.php (48)
2019/09/27 18:00:23 [trace] [system.db.ar.CActiveRecord] Setting.find()
in D:\xampp\htdocs\stf\protected\models\SettingDescription.php (96)
in D:\xampp\htdocs\stf\protected\models\Setting.php (97)
in D:\xampp\htdocs\stf\protected\components\Controller.php (48)
2019/09/27 18:00:23 [trace] [system.db.CDbCommand] Querying SQL: SELECT * FROM `setting` `t` WHERE name = :name LIMIT 1
in D:\xampp\htdocs\stf\protected\models\SettingDescription.php (96)
in D:\xampp\htdocs\stf\protected\models\Setting.php (97)
in D:\xampp\htdocs\stf\protected\components\Controller.php (48)
2019/09/27 18:00:23 [trace] [system.db.ar.CActiveRecord] Language.find()
in D:\xampp\htdocs\stf\protected\models\SettingDescription.php (97)
in D:\xampp\htdocs\stf\protected\models\Setting.php (97)
in D:\xampp\htdocs\stf\protected\components\Controller.php (48)
2019/09/27 18:00:23 [trace] [system.db.CDbCommand] Querying SQL: SELECT * FROM `language` `t` WHERE code = :code LIMIT 1
in D:\xampp\htdocs\stf\protected\models\SettingDescription.php (97)
in D:\xampp\htdocs\stf\protected\models\Setting.php (97)
in D:\xampp\htdocs\stf\protected\components\Controller.php (48)
2019/09/27 18:00:23 [trace] [system.db.ar.CActiveRecord] SettingDescription.find()
in D:\xampp\htdocs\stf\protected\models\SettingDescription.php (98)
in D:\xampp\htdocs\stf\protected\models\Setting.php (97)
in D:\xampp\htdocs\stf\protected\components\Controller.php (48)
2019/09/27 18:00:23 [trace] [system.db.CDbCommand] Querying SQL: SELECT * FROM `setting_description` `t` WHERE setting_id = :setting_id AND language_id = :language_id LIMIT 1
in D:\xampp\htdocs\stf\protected\models\SettingDescription.php (98)
in D:\xampp\htdocs\stf\protected\models\Setting.php (97)
in D:\xampp\htdocs\stf\protected\components\Controller.php (48)
2019/09/27 18:00:23 [trace] [system.db.ar.CActiveRecord] Setting.find()
in D:\xampp\htdocs\stf\protected\models\SettingDescription.php (96)
in D:\xampp\htdocs\stf\protected\models\Setting.php (97)
in D:\xampp\htdocs\stf\protected\components\Controller.php (48)
2019/09/27 18:00:23 [trace] [system.db.CDbCommand] Querying SQL: SELECT * FROM `setting` `t` WHERE name = :name LIMIT 1
in D:\xampp\htdocs\stf\protected\models\SettingDescription.php (96)
in D:\xampp\htdocs\stf\protected\models\Setting.php (97)
in D:\xampp\htdocs\stf\protected\components\Controller.php (48)
2019/09/27 18:00:23 [trace] [system.db.ar.CActiveRecord] Language.find()
in D:\xampp\htdocs\stf\protected\models\SettingDescription.php (97)
in D:\xampp\htdocs\stf\protected\models\Setting.php (97)
in D:\xampp\htdocs\stf\protected\components\Controller.php (48)
2019/09/27 18:00:23 [trace] [system.db.CDbCommand] Querying SQL: SELECT * FROM `language` `t` WHERE code = :code LIMIT 1
in D:\xampp\htdocs\stf\protected\models\SettingDescription.php (97)
in D:\xampp\htdocs\stf\protected\models\Setting.php (97)
in D:\xampp\htdocs\stf\protected\components\Controller.php (48)
2019/09/27 18:00:23 [trace] [system.db.ar.CActiveRecord] SettingDescription.find()
in D:\xampp\htdocs\stf\protected\models\SettingDescription.php (98)
in D:\xampp\htdocs\stf\protected\models\Setting.php (97)
in D:\xampp\htdocs\stf\protected\components\Controller.php (48)
2019/09/27 18:00:23 [trace] [system.db.CDbCommand] Querying SQL: SELECT * FROM `setting_description` `t` WHERE setting_id = :setting_id AND language_id = :language_id LIMIT 1
in D:\xampp\htdocs\stf\protected\models\SettingDescription.php (98)
in D:\xampp\htdocs\stf\protected\models\Setting.php (97)
in D:\xampp\htdocs\stf\protected\components\Controller.php (48)
2019/09/27 18:00:23 [trace] [system.caching.CFileCache] Saving "setting_en" to cache
in D:\xampp\htdocs\stf\protected\components\Controller.php (49)
in D:\xampp\htdocs\stf\index.php (21)
2019/09/27 18:00:23 [trace] [system.CModule] Loading "themeManager" application component
in D:\xampp\htdocs\stf\protected\controllers\HomeController.php (1508)
in D:\xampp\htdocs\stf\index.php (21)
2019/09/27 18:00:23 [trace] [system.CModule] Loading "widgetFactory" application component
in D:\xampp\htdocs\stf\protected\views\layouts\column2.php (2)
in D:\xampp\htdocs\stf\protected\controllers\HomeController.php (1508)
in D:\xampp\htdocs\stf\index.php (21)
2019/09/27 18:00:23 [trace] [system.CModule] Loading "clientScript" application component
in D:\xampp\htdocs\stf\protected\views\layouts\main.php (36)
in D:\xampp\htdocs\stf\protected\views\layouts\column2.php (11)
in D:\xampp\htdocs\stf\protected\controllers\HomeController.php (1508)
2019/09/27 18:00:23 [trace] [system.CModule] Loading "assetManager" application component
in D:\xampp\htdocs\stf\protected\controllers\HomeController.php (1508)
in D:\xampp\htdocs\stf\index.php (21)
2019/09/27 18:00:27 [trace] [system.CModule] Loading "log" application component
in D:\xampp\htdocs\stf\index.php (21)
2019/09/27 18:00:27 [trace] [system.CModule] Loading "request" application component
in D:\xampp\htdocs\stf\index.php (21)
2019/09/27 18:00:27 [trace] [system.CModule] Loading "urlManager" application component
in D:\xampp\htdocs\stf\index.php (21)
2019/09/27 18:00:27 [trace] [system.CModule] Loading "cache" application component
in D:\xampp\htdocs\stf\index.php (21)
2019/09/27 18:00:27 [trace] [system.caching.CFileCache] Saving "Yii.CUrlManager.rules" to cache
in D:\xampp\htdocs\stf\index.php (21)
2019/09/27 18:00:27 [trace] [system.db.ar.CActiveRecord] Language.find()
in D:\xampp\htdocs\stf\protected\components\Controller.php (41)
in D:\xampp\htdocs\stf\index.php (21)
2019/09/27 18:00:27 [trace] [system.CModule] Loading "db" application component
in D:\xampp\htdocs\stf\protected\components\Controller.php (41)
in D:\xampp\htdocs\stf\index.php (21)
2019/09/27 18:00:27 [trace] [system.db.CDbConnection] Opening DB connection
in D:\xampp\htdocs\stf\protected\components\Controller.php (41)
in D:\xampp\htdocs\stf\index.php (21)
2019/09/27 18:00:27 [trace] [system.db.CDbCommand] Querying SQL: SHOW FULL COLUMNS FROM `language`
in D:\xampp\htdocs\stf\protected\components\Controller.php (41)
in D:\xampp\htdocs\stf\index.php (21)
2019/09/27 18:00:28 [trace] [system.db.CDbCommand] Querying SQL: SHOW CREATE TABLE `language`
in D:\xampp\htdocs\stf\protected\components\Controller.php (41)
in D:\xampp\htdocs\stf\index.php (21)
2019/09/27 18:00:28 [trace] [system.db.CDbCommand] Querying SQL: SELECT * FROM `language` `t` WHERE code = :code LIMIT 1
in D:\xampp\htdocs\stf\protected\components\Controller.php (41)
in D:\xampp\htdocs\stf\index.php (21)
2019/09/27 18:00:28 [trace] [system.db.ar.CActiveRecord] Setting.findAll()
in D:\xampp\htdocs\stf\protected\models\Setting.php (93)
in D:\xampp\htdocs\stf\protected\components\Controller.php (48)
in D:\xampp\htdocs\stf\index.php (21)
2019/09/27 18:00:28 [trace] [system.db.CDbCommand] Querying SQL: SHOW FULL COLUMNS FROM `setting`
in D:\xampp\htdocs\stf\protected\models\Setting.php (93)
in D:\xampp\htdocs\stf\protected\components\Controller.php (48)
in D:\xampp\htdocs\stf\index.php (21)
2019/09/27 18:00:28 [trace] [system.db.CDbCommand] Querying SQL: SHOW CREATE TABLE `setting`
in D:\xampp\htdocs\stf\protected\models\Setting.php (93)
in D:\xampp\htdocs\stf\protected\components\Controller.php (48)
in D:\xampp\htdocs\stf\index.php (21)
2019/09/27 18:00:28 [trace] [system.db.CDbCommand] Querying SQL: SELECT * FROM `setting` `t`
in D:\xampp\htdocs\stf\protected\models\Setting.php (93)
in D:\xampp\htdocs\stf\protected\components\Controller.php (48)
in D:\xampp\htdocs\stf\index.php (21)
2019/09/27 18:00:28 [trace] [system.db.ar.CActiveRecord] Setting.find()
in D:\xampp\htdocs\stf\protected\models\SettingDescription.php (96)
in D:\xampp\htdocs\stf\protected\models\Setting.php (97)
in D:\xampp\htdocs\stf\protected\components\Controller.php (48)
2019/09/27 18:00:28 [trace] [system.db.CDbCommand] Querying SQL: SELECT * FROM `setting` `t` WHERE name = :name LIMIT 1
in D:\xampp\htdocs\stf\protected\models\SettingDescription.php (96)
in D:\xampp\htdocs\stf\protected\models\Setting.php (97)
in D:\xampp\htdocs\stf\protected\components\Controller.php (48)
2019/09/27 18:00:28 [trace] [system.db.ar.CActiveRecord] Language.find()
in D:\xampp\htdocs\stf\protected\models\SettingDescription.php (97)
in D:\xampp\htdocs\stf\protected\models\Setting.php (97)
in D:\xampp\htdocs\stf\protected\components\Controller.php (48)
2019/09/27 18:00:28 [trace] [system.db.CDbCommand] Querying SQL: SELECT * FROM `language` `t` WHERE code = :code LIMIT 1
in D:\xampp\htdocs\stf\protected\models\SettingDescription.php (97)
in D:\xampp\htdocs\stf\protected\models\Setting.php (97)
in D:\xampp\htdocs\stf\protected\components\Controller.php (48)
2019/09/27 18:00:28 [trace] [system.db.ar.CActiveRecord] SettingDescription.find()
in D:\xampp\htdocs\stf\protected\models\SettingDescription.php (98)
in D:\xampp\htdocs\stf\protected\models\Setting.php (97)
in D:\xampp\htdocs\stf\protected\components\Controller.php (48)
2019/09/27 18:00:28 [trace] [system.db.CDbCommand] Querying SQL: SHOW FULL COLUMNS FROM `setting_description`
in D:\xampp\htdocs\stf\protected\models\SettingDescription.php (98)
in D:\xampp\htdocs\stf\protected\models\Setting.php (97)
in D:\xampp\htdocs\stf\protected\components\Controller.php (48)
2019/09/27 18:00:28 [trace] [system.db.CDbCommand] Querying SQL: SHOW CREATE TABLE `setting_description`
in D:\xampp\htdocs\stf\protected\models\SettingDescription.php (98)
in D:\xampp\htdocs\stf\protected\models\Setting.php (97)
in D:\xampp\htdocs\stf\protected\components\Controller.php (48)
2019/09/27 18:00:28 [trace] [system.db.CDbCommand] Querying SQL: SELECT * FROM `setting_description` `t` WHERE setting_id = :setting_id AND language_id = :language_id LIMIT 1
in D:\xampp\htdocs\stf\protected\models\SettingDescription.php (98)
in D:\xampp\htdocs\stf\protected\models\Setting.php (97)
in D:\xampp\htdocs\stf\protected\components\Controller.php (48)
2019/09/27 18:00:28 [trace] [system.db.ar.CActiveRecord] Setting.find()
in D:\xampp\htdocs\stf\protected\models\SettingDescription.php (96)
in D:\xampp\htdocs\stf\protected\models\Setting.php (97)
in D:\xampp\htdocs\stf\protected\components\Controller.php (48)
2019/09/27 18:00:28 [trace] [system.db.CDbCommand] Querying SQL: SELECT * FROM `setting` `t` WHERE name = :name LIMIT 1
in D:\xampp\htdocs\stf\protected\models\SettingDescription.php (96)
in D:\xampp\htdocs\stf\protected\models\Setting.php (97)
in D:\xampp\htdocs\stf\protected\components\Controller.php (48)
2019/09/27 18:00:28 [trace] [system.db.ar.CActiveRecord] Language.find()
in D:\xampp\htdocs\stf\protected\models\SettingDescription.php (97)
in D:\xampp\htdocs\stf\protected\models\Setting.php (97)
in D:\xampp\htdocs\stf\protected\components\Controller.php (48)
2019/09/27 18:00:28 [trace] [system.db.CDbCommand] Querying SQL: SELECT * FROM `language` `t` WHERE code = :code LIMIT 1
in D:\xampp\htdocs\stf\protected\models\SettingDescription.php (97)
in D:\xampp\htdocs\stf\protected\models\Setting.php (97)
in D:\xampp\htdocs\stf\protected\components\Controller.php (48)
2019/09/27 18:00:28 [trace] [system.db.ar.CActiveRecord] SettingDescription.find()
in D:\xampp\htdocs\stf\protected\models\SettingDescription.php (98)
in D:\xampp\htdocs\stf\protected\models\Setting.php (97)
in D:\xampp\htdocs\stf\protected\components\Controller.php (48)
2019/09/27 18:00:28 [trace] [system.db.CDbCommand] Querying SQL: SELECT * FROM `setting_description` `t` WHERE setting_id = :setting_id AND language_id = :language_id LIMIT 1
in D:\xampp\htdocs\stf\protected\models\SettingDescription.php (98)
in D:\xampp\htdocs\stf\protected\models\Setting.php (97)
in D:\xampp\htdocs\stf\protected\components\Controller.php (48)
2019/09/27 18:00:28 [trace] [system.db.ar.CActiveRecord] Setting.find()
in D:\xampp\htdocs\stf\protected\models\SettingDescription.php (96)
in D:\xampp\htdocs\stf\protected\models\Setting.php (97)
in D:\xampp\htdocs\stf\protected\components\Controller.php (48)
2019/09/27 18:00:28 [trace] [system.db.CDbCommand] Querying SQL: SELECT * FROM `setting` `t` WHERE name = :name LIMIT 1
in D:\xampp\htdocs\stf\protected\models\SettingDescription.php (96)
in D:\xampp\htdocs\stf\protected\models\Setting.php (97)
in D:\xampp\htdocs\stf\protected\components\Controller.php (48)
2019/09/27 18:00:28 [trace] [system.db.ar.CActiveRecord] Language.find()
in D:\xampp\htdocs\stf\protected\models\SettingDescription.php (97)
in D:\xampp\htdocs\stf\protected\models\Setting.php (97)
in D:\xampp\htdocs\stf\protected\components\Controller.php (48)
2019/09/27 18:00:28 [trace] [system.db.CDbCommand] Querying SQL: SELECT * FROM `language` `t` WHERE code = :code LIMIT 1
in D:\xampp\htdocs\stf\protected\models\SettingDescription.php (97)
in D:\xampp\htdocs\stf\protected\models\Setting.php (97)
in D:\xampp\htdocs\stf\protected\components\Controller.php (48)
2019/09/27 18:00:28 [trace] [system.db.ar.CActiveRecord] SettingDescription.find()
in D:\xampp\htdocs\stf\protected\models\SettingDescription.php (98)
in D:\xampp\htdocs\stf\protected\models\Setting.php (97)
in D:\xampp\htdocs\stf\protected\components\Controller.php (48)
2019/09/27 18:00:28 [trace] [system.db.CDbCommand] Querying SQL: SELECT * FROM `setting_description` `t` WHERE setting_id = :setting_id AND language_id = :language_id LIMIT 1
in D:\xampp\htdocs\stf\protected\models\SettingDescription.php (98)
in D:\xampp\htdocs\stf\protected\models\Setting.php (97)
in D:\xampp\htdocs\stf\protected\components\Controller.php (48)
2019/09/27 18:00:28 [trace] [system.caching.CFileCache] Saving "setting_en" to cache
in D:\xampp\htdocs\stf\protected\components\Controller.php (49)
in D:\xampp\htdocs\stf\index.php (21)
2019/09/27 18:00:28 [trace] [system.CModule] Loading "themeManager" application component
in D:\xampp\htdocs\stf\protected\controllers\HomeController.php (1548)
in D:\xampp\htdocs\stf\index.php (21)
2019/09/27 18:00:28 [trace] [system.CModule] Loading "widgetFactory" application component
in D:\xampp\htdocs\stf\protected\views\layouts\column2.php (2)
in D:\xampp\htdocs\stf\protected\controllers\HomeController.php (1548)
in D:\xampp\htdocs\stf\index.php (21)
2019/09/27 18:00:28 [trace] [system.CModule] Loading "clientScript" application component
in D:\xampp\htdocs\stf\protected\views\layouts\main.php (36)
in D:\xampp\htdocs\stf\protected\views\layouts\column2.php (11)
in D:\xampp\htdocs\stf\protected\controllers\HomeController.php (1548)
2019/09/27 18:00:28 [trace] [system.CModule] Loading "assetManager" application component
in D:\xampp\htdocs\stf\protected\controllers\HomeController.php (1548)
in D:\xampp\htdocs\stf\index.php (21)
2019/09/27 18:02:04 [trace] [system.CModule] Loading "log" application component
in D:\xampp\htdocs\stf\index.php (21)
2019/09/27 18:02:04 [trace] [system.CModule] Loading "request" application component
in D:\xampp\htdocs\stf\index.php (21)
2019/09/27 18:02:04 [trace] [system.CModule] Loading "urlManager" application component
in D:\xampp\htdocs\stf\index.php (21)
2019/09/27 18:02:04 [trace] [system.CModule] Loading "cache" application component
in D:\xampp\htdocs\stf\index.php (21)
2019/09/27 18:02:04 [trace] [system.caching.CFileCache] Saving "Yii.CUrlManager.rules" to cache
in D:\xampp\htdocs\stf\index.php (21)
2019/09/27 18:02:04 [trace] [system.db.ar.CActiveRecord] Language.find()
in D:\xampp\htdocs\stf\protected\components\Controller.php (41)
in D:\xampp\htdocs\stf\index.php (21)
2019/09/27 18:02:04 [trace] [system.CModule] Loading "db" application component
in D:\xampp\htdocs\stf\protected\components\Controller.php (41)
in D:\xampp\htdocs\stf\index.php (21)
2019/09/27 18:02:04 [trace] [system.db.CDbConnection] Opening DB connection
in D:\xampp\htdocs\stf\protected\components\Controller.php (41)
in D:\xampp\htdocs\stf\index.php (21)
2019/09/27 18:02:04 [trace] [system.db.CDbCommand] Querying SQL: SHOW FULL COLUMNS FROM `language`
in D:\xampp\htdocs\stf\protected\components\Controller.php (41)
in D:\xampp\htdocs\stf\index.php (21)
2019/09/27 18:02:04 [trace] [system.db.CDbCommand] Querying SQL: SHOW CREATE TABLE `language`
in D:\xampp\htdocs\stf\protected\components\Controller.php (41)
in D:\xampp\htdocs\stf\index.php (21)
2019/09/27 18:02:04 [trace] [system.db.CDbCommand] Querying SQL: SELECT * FROM `language` `t` WHERE code = :code LIMIT 1
in D:\xampp\htdocs\stf\protected\components\Controller.php (41)
in D:\xampp\htdocs\stf\index.php (21)
2019/09/27 18:02:04 [trace] [system.db.ar.CActiveRecord] Setting.findAll()
in D:\xampp\htdocs\stf\protected\models\Setting.php (93)
in D:\xampp\htdocs\stf\protected\components\Controller.php (48)
in D:\xampp\htdocs\stf\index.php (21)
2019/09/27 18:02:04 [trace] [system.db.CDbCommand] Querying SQL: SHOW FULL COLUMNS FROM `setting`
in D:\xampp\htdocs\stf\protected\models\Setting.php (93)
in D:\xampp\htdocs\stf\protected\components\Controller.php (48)
in D:\xampp\htdocs\stf\index.php (21)
2019/09/27 18:02:04 [trace] [system.db.CDbCommand] Querying SQL: SHOW CREATE TABLE `setting`
in D:\xampp\htdocs\stf\protected\models\Setting.php (93)
in D:\xampp\htdocs\stf\protected\components\Controller.php (48)
in D:\xampp\htdocs\stf\index.php (21)
2019/09/27 18:02:04 [trace] [system.db.CDbCommand] Querying SQL: SELECT * FROM `setting` `t`
in D:\xampp\htdocs\stf\protected\models\Setting.php (93)
in D:\xampp\htdocs\stf\protected\components\Controller.php (48)
in D:\xampp\htdocs\stf\index.php (21)
2019/09/27 18:02:04 [trace] [system.db.ar.CActiveRecord] Setting.find()
in D:\xampp\htdocs\stf\protected\models\SettingDescription.php (96)
in D:\xampp\htdocs\stf\protected\models\Setting.php (97)
in D:\xampp\htdocs\stf\protected\components\Controller.php (48)
2019/09/27 18:02:04 [trace] [system.db.CDbCommand] Querying SQL: SELECT * FROM `setting` `t` WHERE name = :name LIMIT 1
in D:\xampp\htdocs\stf\protected\models\SettingDescription.php (96)
in D:\xampp\htdocs\stf\protected\models\Setting.php (97)
in D:\xampp\htdocs\stf\protected\components\Controller.php (48)
2019/09/27 18:02:04 [trace] [system.db.ar.CActiveRecord] Language.find()
in D:\xampp\htdocs\stf\protected\models\SettingDescription.php (97)
in D:\xampp\htdocs\stf\protected\models\Setting.php (97)
in D:\xampp\htdocs\stf\protected\components\Controller.php (48)
2019/09/27 18:02:04 [trace] [system.db.CDbCommand] Querying SQL: SELECT * FROM `language` `t` WHERE code = :code LIMIT 1
in D:\xampp\htdocs\stf\protected\models\SettingDescription.php (97)
in D:\xampp\htdocs\stf\protected\models\Setting.php (97)
in D:\xampp\htdocs\stf\protected\components\Controller.php (48)
2019/09/27 18:02:04 [trace] [system.db.ar.CActiveRecord] SettingDescription.find()
in D:\xampp\htdocs\stf\protected\models\SettingDescription.php (98)
in D:\xampp\htdocs\stf\protected\models\Setting.php (97)
in D:\xampp\htdocs\stf\protected\components\Controller.php (48)
2019/09/27 18:02:04 [trace] [system.db.CDbCommand] Querying SQL: SHOW FULL COLUMNS FROM `setting_description`
in D:\xampp\htdocs\stf\protected\models\SettingDescription.php (98)
in D:\xampp\htdocs\stf\protected\models\Setting.php (97)
in D:\xampp\htdocs\stf\protected\components\Controller.php (48)
2019/09/27 18:02:04 [trace] [system.db.CDbCommand] Querying SQL: SHOW CREATE TABLE `setting_description`
in D:\xampp\htdocs\stf\protected\models\SettingDescription.php (98)
in D:\xampp\htdocs\stf\protected\models\Setting.php (97)
in D:\xampp\htdocs\stf\protected\components\Controller.php (48)
2019/09/27 18:02:04 [trace] [system.db.CDbCommand] Querying SQL: SELECT * FROM `setting_description` `t` WHERE setting_id = :setting_id AND language_id = :language_id LIMIT 1
in D:\xampp\htdocs\stf\protected\models\SettingDescription.php (98)
in D:\xampp\htdocs\stf\protected\models\Setting.php (97)
in D:\xampp\htdocs\stf\protected\components\Controller.php (48)
2019/09/27 18:02:04 [trace] [system.db.ar.CActiveRecord] Setting.find()
in D:\xampp\htdocs\stf\protected\models\SettingDescription.php (96)
in D:\xampp\htdocs\stf\protected\models\Setting.php (97)
in D:\xampp\htdocs\stf\protected\components\Controller.php (48)
2019/09/27 18:02:04 [trace] [system.db.CDbCommand] Querying SQL: SELECT * FROM `setting` `t` WHERE name = :name LIMIT 1
in D:\xampp\htdocs\stf\protected\models\SettingDescription.php (96)
in D:\xampp\htdocs\stf\protected\models\Setting.php (97)
in D:\xampp\htdocs\stf\protected\components\Controller.php (48)
2019/09/27 18:02:04 [trace] [system.db.ar.CActiveRecord] Language.find()
in D:\xampp\htdocs\stf\protected\models\SettingDescription.php (97)
in D:\xampp\htdocs\stf\protected\models\Setting.php (97)
in D:\xampp\htdocs\stf\protected\components\Controller.php (48)
2019/09/27 18:02:04 [trace] [system.db.CDbCommand] Querying SQL: SELECT * FROM `language` `t` WHERE code = :code LIMIT 1
in D:\xampp\htdocs\stf\protected\models\SettingDescription.php (97)
in D:\xampp\htdocs\stf\protected\models\Setting.php (97)
in D:\xampp\htdocs\stf\protected\components\Controller.php (48)
2019/09/27 18:02:04 [trace] [system.db.ar.CActiveRecord] SettingDescription.find()
in D:\xampp\htdocs\stf\protected\models\SettingDescription.php (98)
in D:\xampp\htdocs\stf\protected\models\Setting.php (97)
in D:\xampp\htdocs\stf\protected\components\Controller.php (48)
2019/09/27 18:02:04 [trace] [system.db.CDbCommand] Querying SQL: SELECT * FROM `setting_description` `t` WHERE setting_id = :setting_id AND language_id = :language_id LIMIT 1
in D:\xampp\htdocs\stf\protected\models\SettingDescription.php (98)
in D:\xampp\htdocs\stf\protected\models\Setting.php (97)
in D:\xampp\htdocs\stf\protected\components\Controller.php (48)
2019/09/27 18:02:04 [trace] [system.db.ar.CActiveRecord] Setting.find()
in D:\xampp\htdocs\stf\protected\models\SettingDescription.php (96)
in D:\xampp\htdocs\stf\protected\models\Setting.php (97)
in D:\xampp\htdocs\stf\protected\components\Controller.php (48)
2019/09/27 18:02:04 [trace] [system.db.CDbCommand] Querying SQL: SELECT * FROM `setting` `t` WHERE name = :name LIMIT 1
in D:\xampp\htdocs\stf\protected\models\SettingDescription.php (96)
in D:\xampp\htdocs\stf\protected\models\Setting.php (97)
in D:\xampp\htdocs\stf\protected\components\Controller.php (48)
2019/09/27 18:02:04 [trace] [system.db.ar.CActiveRecord] Language.find()
in D:\xampp\htdocs\stf\protected\models\SettingDescription.php (97)
in D:\xampp\htdocs\stf\protected\models\Setting.php (97)
in D:\xampp\htdocs\stf\protected\components\Controller.php (48)
2019/09/27 18:02:04 [trace] [system.db.CDbCommand] Querying SQL: SELECT * FROM `language` `t` WHERE code = :code LIMIT 1
in D:\xampp\htdocs\stf\protected\models\SettingDescription.php (97)
in D:\xampp\htdocs\stf\protected\models\Setting.php (97)
in D:\xampp\htdocs\stf\protected\components\Controller.php (48)
2019/09/27 18:02:04 [trace] [system.db.ar.CActiveRecord] SettingDescription.find()
in D:\xampp\htdocs\stf\protected\models\SettingDescription.php (98)
in D:\xampp\htdocs\stf\protected\models\Setting.php (97)
in D:\xampp\htdocs\stf\protected\components\Controller.php (48)
2019/09/27 18:02:04 [trace] [system.db.CDbCommand] Querying SQL: SELECT * FROM `setting_description` `t` WHERE setting_id = :setting_id AND language_id = :language_id LIMIT 1
in D:\xampp\htdocs\stf\protected\models\SettingDescription.php (98)
in D:\xampp\htdocs\stf\protected\models\Setting.php (97)
in D:\xampp\htdocs\stf\protected\components\Controller.php (48)
2019/09/27 18:02:04 [trace] [system.caching.CFileCache] Saving "setting_en" to cache
in D:\xampp\htdocs\stf\protected\components\Controller.php (49)
in D:\xampp\htdocs\stf\index.php (21)
2019/09/27 18:02:04 [trace] [system.CModule] Loading "themeManager" application component
in D:\xampp\htdocs\stf\protected\controllers\HomeController.php (1548)
in D:\xampp\htdocs\stf\index.php (21)
2019/09/27 18:02:04 [trace] [system.CModule] Loading "widgetFactory" application component
in D:\xampp\htdocs\stf\protected\views\layouts\column2.php (2)
in D:\xampp\htdocs\stf\protected\controllers\HomeController.php (1548)
in D:\xampp\htdocs\stf\index.php (21)
2019/09/27 18:02:04 [trace] [system.CModule] Loading "clientScript" application component
in D:\xampp\htdocs\stf\protected\views\layouts\main.php (36)
in D:\xampp\htdocs\stf\protected\views\layouts\column2.php (11)
in D:\xampp\htdocs\stf\protected\controllers\HomeController.php (1548)
2019/09/27 18:02:04 [trace] [system.CModule] Loading "assetManager" application component
in D:\xampp\htdocs\stf\protected\controllers\HomeController.php (1548)
in D:\xampp\htdocs\stf\index.php (21)
2019/09/27 18:02:08 [trace] [system.CModule] Loading "log" application component
in D:\xampp\htdocs\stf\index.php (21)
2019/09/27 18:02:08 [trace] [system.CModule] Loading "request" application component
in D:\xampp\htdocs\stf\index.php (21)
2019/09/27 18:02:08 [trace] [system.CModule] Loading "urlManager" application component
in D:\xampp\htdocs\stf\index.php (21)
2019/09/27 18:02:08 [trace] [system.CModule] Loading "cache" application component
in D:\xampp\htdocs\stf\index.php (21)
2019/09/27 18:02:08 [trace] [system.caching.CFileCache] Saving "Yii.CUrlManager.rules" to cache
in D:\xampp\htdocs\stf\index.php (21)
2019/09/27 18:02:08 [trace] [system.db.ar.CActiveRecord] Language.find()
in D:\xampp\htdocs\stf\protected\components\Controller.php (41)
in D:\xampp\htdocs\stf\index.php (21)
2019/09/27 18:02:08 [trace] [system.CModule] Loading "db" application component
in D:\xampp\htdocs\stf\protected\components\Controller.php (41)
in D:\xampp\htdocs\stf\index.php (21)
2019/09/27 18:02:08 [trace] [system.db.CDbConnection] Opening DB connection
in D:\xampp\htdocs\stf\protected\components\Controller.php (41)
in D:\xampp\htdocs\stf\index.php (21)
2019/09/27 18:02:08 [trace] [system.db.CDbCommand] Querying SQL: SHOW FULL COLUMNS FROM `language`
in D:\xampp\htdocs\stf\protected\components\Controller.php (41)
in D:\xampp\htdocs\stf\index.php (21)
2019/09/27 18:02:08 [trace] [system.db.CDbCommand] Querying SQL: SHOW CREATE TABLE `language`
in D:\xampp\htdocs\stf\protected\components\Controller.php (41)
in D:\xampp\htdocs\stf\index.php (21)
2019/09/27 18:02:08 [trace] [system.db.CDbCommand] Querying SQL: SELECT * FROM `language` `t` WHERE code = :code LIMIT 1
in D:\xampp\htdocs\stf\protected\components\Controller.php (41)
in D:\xampp\htdocs\stf\index.php (21)
2019/09/27 18:02:08 [trace] [system.db.ar.CActiveRecord] Setting.findAll()
in D:\xampp\htdocs\stf\protected\models\Setting.php (93)
in D:\xampp\htdocs\stf\protected\components\Controller.php (48)
in D:\xampp\htdocs\stf\index.php (21)
2019/09/27 18:02:08 [trace] [system.db.CDbCommand] Querying SQL: SHOW FULL COLUMNS FROM `setting`
in D:\xampp\htdocs\stf\protected\models\Setting.php (93)
in D:\xampp\htdocs\stf\protected\components\Controller.php (48)
in D:\xampp\htdocs\stf\index.php (21)
2019/09/27 18:02:08 [trace] [system.db.CDbCommand] Querying SQL: SHOW CREATE TABLE `setting`
in D:\xampp\htdocs\stf\protected\models\Setting.php (93)
in D:\xampp\htdocs\stf\protected\components\Controller.php (48)
in D:\xampp\htdocs\stf\index.php (21)
2019/09/27 18:02:08 [trace] [system.db.CDbCommand] Querying SQL: SELECT * FROM `setting` `t`
in D:\xampp\htdocs\stf\protected\models\Setting.php (93)
in D:\xampp\htdocs\stf\protected\components\Controller.php (48)
in D:\xampp\htdocs\stf\index.php (21)
2019/09/27 18:02:08 [trace] [system.db.ar.CActiveRecord] Setting.find()
in D:\xampp\htdocs\stf\protected\models\SettingDescription.php (96)
in D:\xampp\htdocs\stf\protected\models\Setting.php (97)
in D:\xampp\htdocs\stf\protected\components\Controller.php (48)
2019/09/27 18:02:08 [trace] [system.db.CDbCommand] Querying SQL: SELECT * FROM `setting` `t` WHERE name = :name LIMIT 1
in D:\xampp\htdocs\stf\protected\models\SettingDescription.php (96)
in D:\xampp\htdocs\stf\protected\models\Setting.php (97)
in D:\xampp\htdocs\stf\protected\components\Controller.php (48)
2019/09/27 18:02:08 [trace] [system.db.ar.CActiveRecord] Language.find()
in D:\xampp\htdocs\stf\protected\models\SettingDescription.php (97)
in D:\xampp\htdocs\stf\protected\models\Setting.php (97)
in D:\xampp\htdocs\stf\protected\components\Controller.php (48)
2019/09/27 18:02:08 [trace] [system.db.CDbCommand] Querying SQL: SELECT * FROM `language` `t` WHERE code = :code LIMIT 1
in D:\xampp\htdocs\stf\protected\models\SettingDescription.php (97)
in D:\xampp\htdocs\stf\protected\models\Setting.php (97)
in D:\xampp\htdocs\stf\protected\components\Controller.php (48)
2019/09/27 18:02:08 [trace] [system.db.ar.CActiveRecord] SettingDescription.find()
in D:\xampp\htdocs\stf\protected\models\SettingDescription.php (98)
in D:\xampp\htdocs\stf\protected\models\Setting.php (97)
in D:\xampp\htdocs\stf\protected\components\Controller.php (48)
2019/09/27 18:02:08 [trace] [system.db.CDbCommand] Querying SQL: SHOW FULL COLUMNS FROM `setting_description`
in D:\xampp\htdocs\stf\protected\models\SettingDescription.php (98)
in D:\xampp\htdocs\stf\protected\models\Setting.php (97)
in D:\xampp\htdocs\stf\protected\components\Controller.php (48)
2019/09/27 18:02:08 [trace] [system.db.CDbCommand] Querying SQL: SHOW CREATE TABLE `setting_description`
in D:\xampp\htdocs\stf\protected\models\SettingDescription.php (98)
in D:\xampp\htdocs\stf\protected\models\Setting.php (97)
in D:\xampp\htdocs\stf\protected\components\Controller.php (48)
2019/09/27 18:02:08 [trace] [system.db.CDbCommand] Querying SQL: SELECT * FROM `setting_description` `t` WHERE setting_id = :setting_id AND language_id = :language_id LIMIT 1
in D:\xampp\htdocs\stf\protected\models\SettingDescription.php (98)
in D:\xampp\htdocs\stf\protected\models\Setting.php (97)
in D:\xampp\htdocs\stf\protected\components\Controller.php (48)
2019/09/27 18:02:08 [trace] [system.db.ar.CActiveRecord] Setting.find()
in D:\xampp\htdocs\stf\protected\models\SettingDescription.php (96)
in D:\xampp\htdocs\stf\protected\models\Setting.php (97)
in D:\xampp\htdocs\stf\protected\components\Controller.php (48)
2019/09/27 18:02:08 [trace] [system.db.CDbCommand] Querying SQL: SELECT * FROM `setting` `t` WHERE name = :name LIMIT 1
in D:\xampp\htdocs\stf\protected\models\SettingDescription.php (96)
in D:\xampp\htdocs\stf\protected\models\Setting.php (97)
in D:\xampp\htdocs\stf\protected\components\Controller.php (48)
2019/09/27 18:02:08 [trace] [system.db.ar.CActiveRecord] Language.find()
in D:\xampp\htdocs\stf\protected\models\SettingDescription.php (97)
in D:\xampp\htdocs\stf\protected\models\Setting.php (97)
in D:\xampp\htdocs\stf\protected\components\Controller.php (48)
2019/09/27 18:02:08 [trace] [system.db.CDbCommand] Querying SQL: SELECT * FROM `language` `t` WHERE code = :code LIMIT 1
in D:\xampp\htdocs\stf\protected\models\SettingDescription.php (97)
in D:\xampp\htdocs\stf\protected\models\Setting.php (97)
in D:\xampp\htdocs\stf\protected\components\Controller.php (48)
2019/09/27 18:02:08 [trace] [system.db.ar.CActiveRecord] SettingDescription.find()
in D:\xampp\htdocs\stf\protected\models\SettingDescription.php (98)
in D:\xampp\htdocs\stf\protected\models\Setting.php (97)
in D:\xampp\htdocs\stf\protected\components\Controller.php (48)
2019/09/27 18:02:08 [trace] [system.db.CDbCommand] Querying SQL: SELECT * FROM `setting_description` `t` WHERE setting_id = :setting_id AND language_id = :language_id LIMIT 1
in D:\xampp\htdocs\stf\protected\models\SettingDescription.php (98)
in D:\xampp\htdocs\stf\protected\models\Setting.php (97)
in D:\xampp\htdocs\stf\protected\components\Controller.php (48)
2019/09/27 18:02:08 [trace] [system.db.ar.CActiveRecord] Setting.find()
in D:\xampp\htdocs\stf\protected\models\SettingDescription.php (96)
in D:\xampp\htdocs\stf\protected\models\Setting.php (97)
in D:\xampp\htdocs\stf\protected\components\Controller.php (48)
2019/09/27 18:02:08 [trace] [system.db.CDbCommand] Querying SQL: SELECT * FROM `setting` `t` WHERE name = :name LIMIT 1
in D:\xampp\htdocs\stf\protected\models\SettingDescription.php (96)
in D:\xampp\htdocs\stf\protected\models\Setting.php (97)
in D:\xampp\htdocs\stf\protected\components\Controller.php (48)
2019/09/27 18:02:08 [trace] [system.db.ar.CActiveRecord] Language.find()
in D:\xampp\htdocs\stf\protected\models\SettingDescription.php (97)
in D:\xampp\htdocs\stf\protected\models\Setting.php (97)
in D:\xampp\htdocs\stf\protected\components\Controller.php (48)
2019/09/27 18:02:08 [trace] [system.db.CDbCommand] Querying SQL: SELECT * FROM `language` `t` WHERE code = :code LIMIT 1
in D:\xampp\htdocs\stf\protected\models\SettingDescription.php (97)
in D:\xampp\htdocs\stf\protected\models\Setting.php (97)
in D:\xampp\htdocs\stf\protected\components\Controller.php (48)
2019/09/27 18:02:08 [trace] [system.db.ar.CActiveRecord] SettingDescription.find()
in D:\xampp\htdocs\stf\protected\models\SettingDescription.php (98)
in D:\xampp\htdocs\stf\protected\models\Setting.php (97)
in D:\xampp\htdocs\stf\protected\components\Controller.php (48)
2019/09/27 18:02:08 [trace] [system.db.CDbCommand] Querying SQL: SELECT * FROM `setting_description` `t` WHERE setting_id = :setting_id AND language_id = :language_id LIMIT 1
in D:\xampp\htdocs\stf\protected\models\SettingDescription.php (98)
in D:\xampp\htdocs\stf\protected\models\Setting.php (97)
in D:\xampp\htdocs\stf\protected\components\Controller.php (48)
2019/09/27 18:02:08 [trace] [system.caching.CFileCache] Saving "setting_en" to cache
in D:\xampp\htdocs\stf\protected\components\Controller.php (49)
in D:\xampp\htdocs\stf\index.php (21)
2019/09/27 18:02:08 [trace] [system.CModule] Loading "themeManager" application component
in D:\xampp\htdocs\stf\protected\controllers\HomeController.php (1418)
in D:\xampp\htdocs\stf\index.php (21)
2019/09/27 18:02:08 [trace] [system.CModule] Loading "widgetFactory" application component
in D:\xampp\htdocs\stf\protected\views\layouts\column2.php (2)
in D:\xampp\htdocs\stf\protected\controllers\HomeController.php (1418)
in D:\xampp\htdocs\stf\index.php (21)
2019/09/27 18:02:08 [trace] [system.CModule] Loading "clientScript" application component
in D:\xampp\htdocs\stf\protected\views\layouts\main.php (36)
in D:\xampp\htdocs\stf\protected\views\layouts\column2.php (11)
in D:\xampp\htdocs\stf\protected\controllers\HomeController.php (1418)
2019/09/27 18:02:08 [trace] [system.CModule] Loading "assetManager" application component
in D:\xampp\htdocs\stf\protected\controllers\HomeController.php (1418)
in D:\xampp\htdocs\stf\index.php (21)
2019/09/27 18:04:04 [trace] [system.CModule] Loading "log" application component
in D:\xampp\htdocs\stf\index.php (21)
2019/09/27 18:04:04 [trace] [system.CModule] Loading "request" application component
in D:\xampp\htdocs\stf\index.php (21)
2019/09/27 18:04:04 [trace] [system.CModule] Loading "urlManager" application component
in D:\xampp\htdocs\stf\index.php (21)
2019/09/27 18:04:04 [trace] [system.CModule] Loading "cache" application component
in D:\xampp\htdocs\stf\index.php (21)
2019/09/27 18:04:04 [trace] [system.caching.CFileCache] Saving "Yii.CUrlManager.rules" to cache
in D:\xampp\htdocs\stf\index.php (21)
2019/09/27 18:04:04 [trace] [system.db.ar.CActiveRecord] Language.find()
in D:\xampp\htdocs\stf\protected\components\Controller.php (41)
in D:\xampp\htdocs\stf\index.php (21)
2019/09/27 18:04:04 [trace] [system.CModule] Loading "db" application component
in D:\xampp\htdocs\stf\protected\components\Controller.php (41)
in D:\xampp\htdocs\stf\index.php (21)
2019/09/27 18:04:04 [trace] [system.db.CDbConnection] Opening DB connection
in D:\xampp\htdocs\stf\protected\components\Controller.php (41)
in D:\xampp\htdocs\stf\index.php (21)
2019/09/27 18:04:04 [trace] [system.db.CDbCommand] Querying SQL: SHOW FULL COLUMNS FROM `language`
in D:\xampp\htdocs\stf\protected\components\Controller.php (41)
in D:\xampp\htdocs\stf\index.php (21)
2019/09/27 18:04:04 [trace] [system.db.CDbCommand] Querying SQL: SHOW CREATE TABLE `language`
in D:\xampp\htdocs\stf\protected\components\Controller.php (41)
in D:\xampp\htdocs\stf\index.php (21)
2019/09/27 18:04:04 [trace] [system.db.CDbCommand] Querying SQL: SELECT * FROM `language` `t` WHERE code = :code LIMIT 1
in D:\xampp\htdocs\stf\protected\components\Controller.php (41)
in D:\xampp\htdocs\stf\index.php (21)
2019/09/27 18:04:04 [trace] [system.db.ar.CActiveRecord] Setting.findAll()
in D:\xampp\htdocs\stf\protected\models\Setting.php (93)
in D:\xampp\htdocs\stf\protected\components\Controller.php (48)
in D:\xampp\htdocs\stf\index.php (21)
2019/09/27 18:04:04 [trace] [system.db.CDbCommand] Querying SQL: SHOW FULL COLUMNS FROM `setting`
in D:\xampp\htdocs\stf\protected\models\Setting.php (93)
in D:\xampp\htdocs\stf\protected\components\Controller.php (48)
in D:\xampp\htdocs\stf\index.php (21)
2019/09/27 18:04:04 [trace] [system.db.CDbCommand] Querying SQL: SHOW CREATE TABLE `setting`
in D:\xampp\htdocs\stf\protected\models\Setting.php (93)
in D:\xampp\htdocs\stf\protected\components\Controller.php (48)
in D:\xampp\htdocs\stf\index.php (21)
2019/09/27 18:04:04 [trace] [system.db.CDbCommand] Querying SQL: SELECT * FROM `setting` `t`
in D:\xampp\htdocs\stf\protected\models\Setting.php (93)
in D:\xampp\htdocs\stf\protected\components\Controller.php (48)
in D:\xampp\htdocs\stf\index.php (21)
2019/09/27 18:04:04 [trace] [system.db.ar.CActiveRecord] Setting.find()
in D:\xampp\htdocs\stf\protected\models\SettingDescription.php (96)
in D:\xampp\htdocs\stf\protected\models\Setting.php (97)
in D:\xampp\htdocs\stf\protected\components\Controller.php (48)
2019/09/27 18:04:04 [trace] [system.db.CDbCommand] Querying SQL: SELECT * FROM `setting` `t` WHERE name = :name LIMIT 1
in D:\xampp\htdocs\stf\protected\models\SettingDescription.php (96)
in D:\xampp\htdocs\stf\protected\models\Setting.php (97)
in D:\xampp\htdocs\stf\protected\components\Controller.php (48)
2019/09/27 18:04:04 [trace] [system.db.ar.CActiveRecord] Language.find()
in D:\xampp\htdocs\stf\protected\models\SettingDescription.php (97)
in D:\xampp\htdocs\stf\protected\models\Setting.php (97)
in D:\xampp\htdocs\stf\protected\components\Controller.php (48)
2019/09/27 18:04:04 [trace] [system.db.CDbCommand] Querying SQL: SELECT * FROM `language` `t` WHERE code = :code LIMIT 1
in D:\xampp\htdocs\stf\protected\models\SettingDescription.php (97)
in D:\xampp\htdocs\stf\protected\models\Setting.php (97)
in D:\xampp\htdocs\stf\protected\components\Controller.php (48)
2019/09/27 18:04:04 [trace] [system.db.ar.CActiveRecord] SettingDescription.find()
in D:\xampp\htdocs\stf\protected\models\SettingDescription.php (98)
in D:\xampp\htdocs\stf\protected\models\Setting.php (97)
in D:\xampp\htdocs\stf\protected\components\Controller.php (48)
2019/09/27 18:04:04 [trace] [system.db.CDbCommand] Querying SQL: SHOW FULL COLUMNS FROM `setting_description`
in D:\xampp\htdocs\stf\protected\models\SettingDescription.php (98)
in D:\xampp\htdocs\stf\protected\models\Setting.php (97)
in D:\xampp\htdocs\stf\protected\components\Controller.php (48)
2019/09/27 18:04:04 [trace] [system.db.CDbCommand] Querying SQL: SHOW CREATE TABLE `setting_description`
in D:\xampp\htdocs\stf\protected\models\SettingDescription.php (98)
in D:\xampp\htdocs\stf\protected\models\Setting.php (97)
in D:\xampp\htdocs\stf\protected\components\Controller.php (48)
2019/09/27 18:04:04 [trace] [system.db.CDbCommand] Querying SQL: SELECT * FROM `setting_description` `t` WHERE setting_id = :setting_id AND language_id = :language_id LIMIT 1
in D:\xampp\htdocs\stf\protected\models\SettingDescription.php (98)
in D:\xampp\htdocs\stf\protected\models\Setting.php (97)
in D:\xampp\htdocs\stf\protected\components\Controller.php (48)
2019/09/27 18:04:04 [trace] [system.db.ar.CActiveRecord] Setting.find()
in D:\xampp\htdocs\stf\protected\models\SettingDescription.php (96)
in D:\xampp\htdocs\stf\protected\models\Setting.php (97)
in D:\xampp\htdocs\stf\protected\components\Controller.php (48)
2019/09/27 18:04:04 [trace] [system.db.CDbCommand] Querying SQL: SELECT * FROM `setting` `t` WHERE name = :name LIMIT 1
in D:\xampp\htdocs\stf\protected\models\SettingDescription.php (96)
in D:\xampp\htdocs\stf\protected\models\Setting.php (97)
in D:\xampp\htdocs\stf\protected\components\Controller.php (48)
2019/09/27 18:04:04 [trace] [system.db.ar.CActiveRecord] Language.find()
in D:\xampp\htdocs\stf\protected\models\SettingDescription.php (97)
in D:\xampp\htdocs\stf\protected\models\Setting.php (97)
in D:\xampp\htdocs\stf\protected\components\Controller.php (48)
2019/09/27 18:04:04 [trace] [system.db.CDbCommand] Querying SQL: SELECT * FROM `language` `t` WHERE code = :code LIMIT 1
in D:\xampp\htdocs\stf\protected\models\SettingDescription.php (97)
in D:\xampp\htdocs\stf\protected\models\Setting.php (97)
in D:\xampp\htdocs\stf\protected\components\Controller.php (48)
2019/09/27 18:04:04 [trace] [system.db.ar.CActiveRecord] SettingDescription.find()
in D:\xampp\htdocs\stf\protected\models\SettingDescription.php (98)
in D:\xampp\htdocs\stf\protected\models\Setting.php (97)
in D:\xampp\htdocs\stf\protected\components\Controller.php (48)
2019/09/27 18:04:04 [trace] [system.db.CDbCommand] Querying SQL: SELECT * FROM `setting_description` `t` WHERE setting_id = :setting_id AND language_id = :language_id LIMIT 1
in D:\xampp\htdocs\stf\protected\models\SettingDescription.php (98)
in D:\xampp\htdocs\stf\protected\models\Setting.php (97)
in D:\xampp\htdocs\stf\protected\components\Controller.php (48)
2019/09/27 18:04:04 [trace] [system.db.ar.CActiveRecord] Setting.find()
in D:\xampp\htdocs\stf\protected\models\SettingDescription.php (96)
in D:\xampp\htdocs\stf\protected\models\Setting.php (97)
in D:\xampp\htdocs\stf\protected\components\Controller.php (48)
2019/09/27 18:04:04 [trace] [system.db.CDbCommand] Querying SQL: SELECT * FROM `setting` `t` WHERE name = :name LIMIT 1
in D:\xampp\htdocs\stf\protected\models\SettingDescription.php (96)
in D:\xampp\htdocs\stf\protected\models\Setting.php (97)
in D:\xampp\htdocs\stf\protected\components\Controller.php (48)
2019/09/27 18:04:04 [trace] [system.db.ar.CActiveRecord] Language.find()
in D:\xampp\htdocs\stf\protected\models\SettingDescription.php (97)
in D:\xampp\htdocs\stf\protected\models\Setting.php (97)
in D:\xampp\htdocs\stf\protected\components\Controller.php (48)
2019/09/27 18:04:04 [trace] [system.db.CDbCommand] Querying SQL: SELECT * FROM `language` `t` WHERE code = :code LIMIT 1
in D:\xampp\htdocs\stf\protected\models\SettingDescription.php (97)
in D:\xampp\htdocs\stf\protected\models\Setting.php (97)
in D:\xampp\htdocs\stf\protected\components\Controller.php (48)
2019/09/27 18:04:04 [trace] [system.db.ar.CActiveRecord] SettingDescription.find()
in D:\xampp\htdocs\stf\protected\models\SettingDescription.php (98)
in D:\xampp\htdocs\stf\protected\models\Setting.php (97)
in D:\xampp\htdocs\stf\protected\components\Controller.php (48)
2019/09/27 18:04:04 [trace] [system.db.CDbCommand] Querying SQL: SELECT * FROM `setting_description` `t` WHERE setting_id = :setting_id AND language_id = :language_id LIMIT 1
in D:\xampp\htdocs\stf\protected\models\SettingDescription.php (98)
in D:\xampp\htdocs\stf\protected\models\Setting.php (97)
in D:\xampp\htdocs\stf\protected\components\Controller.php (48)
2019/09/27 18:04:04 [trace] [system.caching.CFileCache] Saving "setting_en" to cache
in D:\xampp\htdocs\stf\protected\components\Controller.php (49)
in D:\xampp\htdocs\stf\index.php (21)
2019/09/27 18:04:04 [trace] [system.CModule] Loading "themeManager" application component
in D:\xampp\htdocs\stf\protected\controllers\HomeController.php (1418)
in D:\xampp\htdocs\stf\index.php (21)
2019/09/27 18:04:04 [trace] [system.CModule] Loading "widgetFactory" application component
in D:\xampp\htdocs\stf\protected\views\layouts\column2.php (2)
in D:\xampp\htdocs\stf\protected\controllers\HomeController.php (1418)
in D:\xampp\htdocs\stf\index.php (21)
2019/09/27 18:04:04 [trace] [system.CModule] Loading "clientScript" application component
in D:\xampp\htdocs\stf\protected\views\layouts\main.php (36)
in D:\xampp\htdocs\stf\protected\views\layouts\column2.php (11)
in D:\xampp\htdocs\stf\protected\controllers\HomeController.php (1418)
2019/09/27 18:04:04 [trace] [system.CModule] Loading "assetManager" application component
in D:\xampp\htdocs\stf\protected\controllers\HomeController.php (1418)
in D:\xampp\htdocs\stf\index.php (21)
2019/09/27 18:15:26 [trace] [system.CModule] Loading "log" application component
in D:\xampp\htdocs\stf\index.php (21)
2019/09/27 18:15:26 [trace] [system.CModule] Loading "request" application component
in D:\xampp\htdocs\stf\index.php (21)
2019/09/27 18:15:26 [trace] [system.CModule] Loading "urlManager" application component
in D:\xampp\htdocs\stf\index.php (21)
2019/09/27 18:15:26 [trace] [system.CModule] Loading "cache" application component
in D:\xampp\htdocs\stf\index.php (21)
2019/09/27 18:15:26 [trace] [system.caching.CFileCache] Saving "Yii.CUrlManager.rules" to cache
in D:\xampp\htdocs\stf\index.php (21)
2019/09/27 18:15:26 [trace] [system.db.ar.CActiveRecord] Language.find()
in D:\xampp\htdocs\stf\protected\components\Controller.php (41)
in D:\xampp\htdocs\stf\index.php (21)
2019/09/27 18:15:26 [trace] [system.CModule] Loading "db" application component
in D:\xampp\htdocs\stf\protected\components\Controller.php (41)
in D:\xampp\htdocs\stf\index.php (21)
2019/09/27 18:15:26 [trace] [system.db.CDbConnection] Opening DB connection
in D:\xampp\htdocs\stf\protected\components\Controller.php (41)
in D:\xampp\htdocs\stf\index.php (21)
2019/09/27 18:15:26 [trace] [system.db.CDbCommand] Querying SQL: SHOW FULL COLUMNS FROM `language`
in D:\xampp\htdocs\stf\protected\components\Controller.php (41)
in D:\xampp\htdocs\stf\index.php (21)
2019/09/27 18:15:26 [trace] [system.db.CDbCommand] Querying SQL: SHOW CREATE TABLE `language`
in D:\xampp\htdocs\stf\protected\components\Controller.php (41)
in D:\xampp\htdocs\stf\index.php (21)
2019/09/27 18:15:26 [trace] [system.db.CDbCommand] Querying SQL: SELECT * FROM `language` `t` WHERE code = :code LIMIT 1
in D:\xampp\htdocs\stf\protected\components\Controller.php (41)
in D:\xampp\htdocs\stf\index.php (21)
2019/09/27 18:15:26 [trace] [system.db.ar.CActiveRecord] Setting.findAll()
in D:\xampp\htdocs\stf\protected\models\Setting.php (93)
in D:\xampp\htdocs\stf\protected\components\Controller.php (48)
in D:\xampp\htdocs\stf\index.php (21)
2019/09/27 18:15:26 [trace] [system.db.CDbCommand] Querying SQL: SHOW FULL COLUMNS FROM `setting`
in D:\xampp\htdocs\stf\protected\models\Setting.php (93)
in D:\xampp\htdocs\stf\protected\components\Controller.php (48)
in D:\xampp\htdocs\stf\index.php (21)
2019/09/27 18:15:26 [trace] [system.db.CDbCommand] Querying SQL: SHOW CREATE TABLE `setting`
in D:\xampp\htdocs\stf\protected\models\Setting.php (93)
in D:\xampp\htdocs\stf\protected\components\Controller.php (48)
in D:\xampp\htdocs\stf\index.php (21)
2019/09/27 18:15:26 [trace] [system.db.CDbCommand] Querying SQL: SELECT * FROM `setting` `t`
in D:\xampp\htdocs\stf\protected\models\Setting.php (93)
in D:\xampp\htdocs\stf\protected\components\Controller.php (48)
in D:\xampp\htdocs\stf\index.php (21)
2019/09/27 18:15:26 [trace] [system.db.ar.CActiveRecord] Setting.find()
in D:\xampp\htdocs\stf\protected\models\SettingDescription.php (96)
in D:\xampp\htdocs\stf\protected\models\Setting.php (97)
in D:\xampp\htdocs\stf\protected\components\Controller.php (48)
2019/09/27 18:15:26 [trace] [system.db.CDbCommand] Querying SQL: SELECT * FROM `setting` `t` WHERE name = :name LIMIT 1
in D:\xampp\htdocs\stf\protected\models\SettingDescription.php (96)
in D:\xampp\htdocs\stf\protected\models\Setting.php (97)
in D:\xampp\htdocs\stf\protected\components\Controller.php (48)
2019/09/27 18:15:26 [trace] [system.db.ar.CActiveRecord] Language.find()
in D:\xampp\htdocs\stf\protected\models\SettingDescription.php (97)
in D:\xampp\htdocs\stf\protected\models\Setting.php (97)
in D:\xampp\htdocs\stf\protected\components\Controller.php (48)
2019/09/27 18:15:26 [trace] [system.db.CDbCommand] Querying SQL: SELECT * FROM `language` `t` WHERE code = :code LIMIT 1
in D:\xampp\htdocs\stf\protected\models\SettingDescription.php (97)
in D:\xampp\htdocs\stf\protected\models\Setting.php (97)
in D:\xampp\htdocs\stf\protected\components\Controller.php (48)
2019/09/27 18:15:26 [trace] [system.db.ar.CActiveRecord] SettingDescription.find()
in D:\xampp\htdocs\stf\protected\models\SettingDescription.php (98)
in D:\xampp\htdocs\stf\protected\models\Setting.php (97)
in D:\xampp\htdocs\stf\protected\components\Controller.php (48)
2019/09/27 18:15:26 [trace] [system.db.CDbCommand] Querying SQL: SHOW FULL COLUMNS FROM `setting_description`
in D:\xampp\htdocs\stf\protected\models\SettingDescription.php (98)
in D:\xampp\htdocs\stf\protected\models\Setting.php (97)
in D:\xampp\htdocs\stf\protected\components\Controller.php (48)
2019/09/27 18:15:26 [trace] [system.db.CDbCommand] Querying SQL: SHOW CREATE TABLE `setting_description`
in D:\xampp\htdocs\stf\protected\models\SettingDescription.php (98)
in D:\xampp\htdocs\stf\protected\models\Setting.php (97)
in D:\xampp\htdocs\stf\protected\components\Controller.php (48)
2019/09/27 18:15:26 [trace] [system.db.CDbCommand] Querying SQL: SELECT * FROM `setting_description` `t` WHERE setting_id = :setting_id AND language_id = :language_id LIMIT 1
in D:\xampp\htdocs\stf\protected\models\SettingDescription.php (98)
in D:\xampp\htdocs\stf\protected\models\Setting.php (97)
in D:\xampp\htdocs\stf\protected\components\Controller.php (48)
2019/09/27 18:15:26 [trace] [system.db.ar.CActiveRecord] Setting.find()
in D:\xampp\htdocs\stf\protected\models\SettingDescription.php (96)
in D:\xampp\htdocs\stf\protected\models\Setting.php (97)
in D:\xampp\htdocs\stf\protected\components\Controller.php (48)
2019/09/27 18:15:26 [trace] [system.db.CDbCommand] Querying SQL: SELECT * FROM `setting` `t` WHERE name = :name LIMIT 1
in D:\xampp\htdocs\stf\protected\models\SettingDescription.php (96)
in D:\xampp\htdocs\stf\protected\models\Setting.php (97)
in D:\xampp\htdocs\stf\protected\components\Controller.php (48)
2019/09/27 18:15:26 [trace] [system.db.ar.CActiveRecord] Language.find()
in D:\xampp\htdocs\stf\protected\models\SettingDescription.php (97)
in D:\xampp\htdocs\stf\protected\models\Setting.php (97)
in D:\xampp\htdocs\stf\protected\components\Controller.php (48)
2019/09/27 18:15:26 [trace] [system.db.CDbCommand] Querying SQL: SELECT * FROM `language` `t` WHERE code = :code LIMIT 1
in D:\xampp\htdocs\stf\protected\models\SettingDescription.php (97)
in D:\xampp\htdocs\stf\protected\models\Setting.php (97)
in D:\xampp\htdocs\stf\protected\components\Controller.php (48)
2019/09/27 18:15:26 [trace] [system.db.ar.CActiveRecord] SettingDescription.find()
in D:\xampp\htdocs\stf\protected\models\SettingDescription.php (98)
in D:\xampp\htdocs\stf\protected\models\Setting.php (97)
in D:\xampp\htdocs\stf\protected\components\Controller.php (48)
2019/09/27 18:15:26 [trace] [system.db.CDbCommand] Querying SQL: SELECT * FROM `setting_description` `t` WHERE setting_id = :setting_id AND language_id = :language_id LIMIT 1
in D:\xampp\htdocs\stf\protected\models\SettingDescription.php (98)
in D:\xampp\htdocs\stf\protected\models\Setting.php (97)
in D:\xampp\htdocs\stf\protected\components\Controller.php (48)
2019/09/27 18:15:26 [trace] [system.db.ar.CActiveRecord] Setting.find()
in D:\xampp\htdocs\stf\protected\models\SettingDescription.php (96)
in D:\xampp\htdocs\stf\protected\models\Setting.php (97)
in D:\xampp\htdocs\stf\protected\components\Controller.php (48)
2019/09/27 18:15:26 [trace] [system.db.CDbCommand] Querying SQL: SELECT * FROM `setting` `t` WHERE name = :name LIMIT 1
in D:\xampp\htdocs\stf\protected\models\SettingDescription.php (96)
in D:\xampp\htdocs\stf\protected\models\Setting.php (97)
in D:\xampp\htdocs\stf\protected\components\Controller.php (48)
2019/09/27 18:15:26 [trace] [system.db.ar.CActiveRecord] Language.find()
in D:\xampp\htdocs\stf\protected\models\SettingDescription.php (97)
in D:\xampp\htdocs\stf\protected\models\Setting.php (97)
in D:\xampp\htdocs\stf\protected\components\Controller.php (48)
2019/09/27 18:15:26 [trace] [system.db.CDbCommand] Querying SQL: SELECT * FROM `language` `t` WHERE code = :code LIMIT 1
in D:\xampp\htdocs\stf\protected\models\SettingDescription.php (97)
in D:\xampp\htdocs\stf\protected\models\Setting.php (97)
in D:\xampp\htdocs\stf\protected\components\Controller.php (48)
2019/09/27 18:15:26 [trace] [system.db.ar.CActiveRecord] SettingDescription.find()
in D:\xampp\htdocs\stf\protected\models\SettingDescription.php (98)
in D:\xampp\htdocs\stf\protected\models\Setting.php (97)
in D:\xampp\htdocs\stf\protected\components\Controller.php (48)
2019/09/27 18:15:26 [trace] [system.db.CDbCommand] Querying SQL: SELECT * FROM `setting_description` `t` WHERE setting_id = :setting_id AND language_id = :language_id LIMIT 1
in D:\xampp\htdocs\stf\protected\models\SettingDescription.php (98)
in D:\xampp\htdocs\stf\protected\models\Setting.php (97)
in D:\xampp\htdocs\stf\protected\components\Controller.php (48)
2019/09/27 18:15:26 [trace] [system.caching.CFileCache] Saving "setting_en" to cache
in D:\xampp\htdocs\stf\protected\components\Controller.php (49)
in D:\xampp\htdocs\stf\index.php (21)
2019/09/27 18:15:26 [trace] [system.CModule] Loading "themeManager" application component
in D:\xampp\htdocs\stf\protected\controllers\HomeController.php (1418)
in D:\xampp\htdocs\stf\index.php (21)
2019/09/27 18:15:26 [trace] [system.CModule] Loading "widgetFactory" application component
in D:\xampp\htdocs\stf\protected\views\layouts\column2.php (2)
in D:\xampp\htdocs\stf\protected\controllers\HomeController.php (1418)
in D:\xampp\htdocs\stf\index.php (21)
2019/09/27 18:15:26 [trace] [system.CModule] Loading "clientScript" application component
in D:\xampp\htdocs\stf\protected\views\layouts\main.php (36)
in D:\xampp\htdocs\stf\protected\views\layouts\column2.php (11)
in D:\xampp\htdocs\stf\protected\controllers\HomeController.php (1418)
2019/09/27 18:15:26 [trace] [system.CModule] Loading "assetManager" application component
in D:\xampp\htdocs\stf\protected\controllers\HomeController.php (1418)
in D:\xampp\htdocs\stf\index.php (21)
